0 info it worked if it ends with ok
1 verbose cli [ 'C:\\Program Files\\nodejs\\node.exe',
1 verbose cli   'C:\\Program Files\\nodejs\\node_modules\\npm\\bin\\npm-cli.js',
1 verbose cli   'run',
1 verbose cli   'webpack',
1 verbose cli   '--scripts-prepend-node-path=auto' ]
2 info using npm@3.10.10
3 info using node@v6.13.0
4 verbose run-script [ 'prewebpack', 'webpack', 'postwebpack' ]
5 info lifecycle egeszsegquiz@0.0.1~prewebpack: egeszsegquiz@0.0.1
6 silly lifecycle egeszsegquiz@0.0.1~prewebpack: no script for prewebpack, continuing
7 info lifecycle egeszsegquiz@0.0.1~webpack: egeszsegquiz@0.0.1
8 verbose lifecycle egeszsegquiz@0.0.1~webpack: unsafe-perm in lifecycle true
9 verbose lifecycle egeszsegquiz@0.0.1~webpack: PATH: C:\Program Files\nodejs\node_modules\npm\bin\node-gyp-bin;C:\Users\Mike\Desktop\tesi\node_modules\.bin;C:\Python27\;C:\Python27\Scripts;C:\ProgramData\Oracle\Java\javapath;c:\windows\system32;c:\windows;c:\windows\system32\wbem;c:\windows\system32\windowspowershell\v1.0\;C:\Program Files (x86)\NVIDIA Corporation\PhysX\Common;C:\Program Files\Intel\WiFi\bin\;C:\Program Files\Common Files\Intel\WirelessCommon\;C:\WINDOWS\system32;C:\WINDOWS;C:\WINDOWS\System32\Wbem;C:\WINDOWS\System32\WindowsPowerShell\v1.0\;C:\WINDOWS\System32\LibreSSL\;C:\WINDOWS\System32\OpenSSH\;C:\Program Files\dotnet\;C:\Program Files\LLVM\bin;C:\Program Files\nodejs\;C:\Program Files\Git\cmd;C:\Users\Mike\AppData\Local\Microsoft\WindowsApps;C:\Users\Mike\AppData\Local\Android\Sdk\platform-tools;C:\Users\Mike\bin;C:\Users\Mike\AppData\Local\atom\bin;C:\Users\Mike\AppData\Roaming\npm
10 verbose lifecycle egeszsegquiz@0.0.1~webpack: CWD: C:\Users\Mike\Desktop\tesi
11 silly lifecycle egeszsegquiz@0.0.1~webpack: Args: [ '/d /s /c', 'webpack' ]
12 silly lifecycle egeszsegquiz@0.0.1~webpack: Returned: code: 2  signal: null
13 info lifecycle egeszsegquiz@0.0.1~webpack: Failed to exec webpack script
14 verbose stack Error: egeszsegquiz@0.0.1 webpack: `webpack`
14 verbose stack Exit status 2
14 verbose stack     at EventEmitter.<anonymous> (C:\Program Files\nodejs\node_modules\npm\lib\utils\lifecycle.js:255:16)
14 verbose stack     at emitTwo (events.js:106:13)
14 verbose stack     at EventEmitter.emit (events.js:191:7)
14 verbose stack     at ChildProcess.<anonymous> (C:\Program Files\nodejs\node_modules\npm\lib\utils\spawn.js:40:14)
14 verbose stack     at emitTwo (events.js:106:13)
14 verbose stack     at ChildProcess.emit (events.js:191:7)
14 verbose stack     at maybeClose (internal/child_process.js:920:16)
14 verbose stack     at Process.ChildProcess._handle.onexit (internal/child_process.js:230:5)
15 verbose pkgid egeszsegquiz@0.0.1
16 verbose cwd C:\Users\Mike\Desktop\tesi
17 error Windows_NT 10.0.17074
18 error argv "C:\\Program Files\\nodejs\\node.exe" "C:\\Program Files\\nodejs\\node_modules\\npm\\bin\\npm-cli.js" "run" "webpack" "--scripts-prepend-node-path=auto"
19 error node v6.13.0
20 error npm  v3.10.10
21 error code ELIFECYCLE
22 error egeszsegquiz@0.0.1 webpack: `webpack`
22 error Exit status 2
23 error Failed at the egeszsegquiz@0.0.1 webpack script 'webpack'.
23 error Make sure you have the latest version of node.js and npm installed.
23 error If you do, this is most likely a problem with the egeszsegquiz package,
23 error not with npm itself.
23 error Tell the author that this fails on your system:
23 error     webpack
23 error You can get information on how to open an issue for this project with:
23 error     npm bugs egeszsegquiz
23 error Or if that isn't available, you can get their info via:
23 error     npm owner ls egeszsegquiz
23 error There is likely additional logging output above.
24 verbose exit [ 1, true ]
